 * Serving Flask app 'app'
 * Debug mode: on
[31m[1mWARNING: This is a development server. Do not use it in a production deployment. Use a production WSGI server instead.[0m
 * Running on http://127.0.0.1:5000
[33mPress CTRL+C to quit[0m
 * Restarting with stat
 * Debugger is active!
 * Debugger PIN: 218-471-331
127.0.0.1 - - [19/Jul/2025 14:59:03] "GET / HTTP/1.1" 200 -
127.0.0.1 - - [19/Jul/2025 14:59:06] "[35m[1mGET /weekends HTTP/1.1[0m" 500 -
Traceback (most recent call last):
  File "/Users/andreydolgov/.pyenv/versions/3.12.9/lib/python3.12/site-packages/flask/app.py", line 1498, in __call__
    return self.wsgi_app(environ, start_response)
           ^^^^^^^^^^^^^^^^^^^^^^^^^^^^^^^^^^^^^^
  File "/Users/andreydolgov/.pyenv/versions/3.12.9/lib/python3.12/site-packages/flask/app.py", line 1476, in wsgi_app
    response = self.handle_exception(e)
               ^^^^^^^^^^^^^^^^^^^^^^^^
  File "/Users/andreydolgov/.pyenv/versions/3.12.9/lib/python3.12/site-packages/flask/app.py", line 1473, in wsgi_app
    response = self.full_dispatch_request()
               ^^^^^^^^^^^^^^^^^^^^^^^^^^^^
  File "/Users/andreydolgov/.pyenv/versions/3.12.9/lib/python3.12/site-packages/flask/app.py", line 882, in full_dispatch_request
    rv = self.handle_user_exception(e)
         ^^^^^^^^^^^^^^^^^^^^^^^^^^^^^
  File "/Users/andreydolgov/.pyenv/versions/3.12.9/lib/python3.12/site-packages/flask/app.py", line 880, in full_dispatch_request
    rv = self.dispatch_request()
         ^^^^^^^^^^^^^^^^^^^^^^^
  File "/Users/andreydolgov/.pyenv/versions/3.12.9/lib/python3.12/site-packages/flask/app.py", line 865, in dispatch_request
    return self.ensure_sync(self.view_functions[rule.endpoint])(**view_args)  # type: ignore[no-any-return]
           ^^^^^^^^^^^^^^^^^^^^^^^^^^^^^^^^^^^^^^^^^^^^^^^^^^^^^^^^^^^^^^^^^^^^^^^^^^^^^^^^^^^^^^^^^^^^^^^^
  File "/Users/andreydolgov/.pyenv/versions/3.12.9/lib/python3.12/site-packages/flask_login/utils.py", line 290, in decorated_view
    return current_app.ensure_sync(func)(*args, **kwargs)
           ^^^^^^^^^^^^^^^^^^^^^^^^^^^^^^^^^^^^^^^^^^^^^^
  File "/Users/andreydolgov/Desktop/programming/forRoman/web/app.py", line 98, in weekends
    return render_template('weekends.html', days=days, weekends_set=weekends_set, year=year, month=month, prev_year=prev_year, prev_month=prev_month, next_year=next_year, next_month=next_month)
           ^^^^^^^^^^^^^^^^^^^^^^^^^^^^^^^^^^^^^^^^^^^^^^^^^^^^^^^^^^^^^^^^^^^^^^^^^^^^^^^^^^^^^^^^^^^^^^^^^^^^^^^^^^^^^^^^^^^^^^^^^^^^^^^^^^^^^^^^^^^^^^^^^^^^^^^^^^^^^^^^^^^^^^^^^^^^^^^^^^^^^^
  File "/Users/andreydolgov/.pyenv/versions/3.12.9/lib/python3.12/site-packages/flask/templating.py", line 150, in render_template
    return _render(app, template, context)
           ^^^^^^^^^^^^^^^^^^^^^^^^^^^^^^^
  File "/Users/andreydolgov/.pyenv/versions/3.12.9/lib/python3.12/site-packages/flask/templating.py", line 131, in _render
    rv = template.render(context)
         ^^^^^^^^^^^^^^^^^^^^^^^^
  File "/Users/andreydolgov/.pyenv/versions/3.12.9/lib/python3.12/site-packages/jinja2/environment.py", line 1301, in render
    self.environment.handle_exception()
  File "/Users/andreydolgov/.pyenv/versions/3.12.9/lib/python3.12/site-packages/jinja2/environment.py", line 936, in handle_exception
    raise rewrite_traceback_stack(source=source)
  File "/Users/andreydolgov/Desktop/programming/forRoman/web/templates/weekends.html", line 58, in top-level template code
    <td class="{% if dstr in weekends_set %}weekend-cell{% endif %}{% if d.date() == now().date() %} today-cell{% endif %}">
  File "/Users/andreydolgov/.pyenv/versions/3.12.9/lib/python3.12/site-packages/jinja2/utils.py", line 83, in from_obj
    if hasattr(obj, "jinja_pass_arg"):
       ^^^^^^^^^^^^^^^^^^^^^^^^^^^^^^^
jinja2.exceptions.UndefinedError: 'now' is undefined
127.0.0.1 - - [19/Jul/2025 14:59:06] "[36mGET /weekends?__debugger__=yes&cmd=resource&f=debugger.js HTTP/1.1[0m" 304 -
127.0.0.1 - - [19/Jul/2025 14:59:06] "[36mGET /weekends?__debugger__=yes&cmd=resource&f=style.css HTTP/1.1[0m" 304 -
127.0.0.1 - - [19/Jul/2025 14:59:06] "GET /weekends?__debugger__=yes&cmd=resource&f=console.png&s=3ZC9VcceUee8JDaBHQ2N HTTP/1.1" 200 -
 * Detected change in '/Users/andreydolgov/Desktop/programming/forRoman/web/app.py', reloading
 * Restarting with stat
 * Debugger is active!
 * Debugger PIN: 218-471-331
127.0.0.1 - - [19/Jul/2025 15:00:18] "GET /weekends HTTP/1.1" 200 -
127.0.0.1 - - [19/Jul/2025 15:00:31] "GET / HTTP/1.1" 200 -
 * Detected change in '/Users/andreydolgov/Desktop/programming/forRoman/bot/fsm_handlers.py', reloading
 * Restarting with stat
 * Debugger is active!
 * Debugger PIN: 218-471-331
