INFO:aiogram.dispatcher:Start polling
INFO:aiogram.dispatcher:Run polling for bot @forRoman_potolok_bot id=8106078475 - 'для Романа'
INFO:aiogram.event:Update id=358168090 is handled. Duration 404 ms by bot id=8106078475
INFO:aiogram.event:Update id=358168091 is handled. Duration 102 ms by bot id=8106078475
INFO:aiogram.event:Update id=358168092 is handled. Duration 124 ms by bot id=8106078475
INFO:aiogram.event:Update id=358168093 is handled. Duration 125 ms by bot id=8106078475
INFO:aiogram.event:Update id=358168094 is handled. Duration 376 ms by bot id=8106078475
INFO:aiogram.event:Update id=358168095 is handled. Duration 113 ms by bot id=8106078475
INFO:aiogram.event:Update id=358168096 is handled. Duration 128 ms by bot id=8106078475
INFO:aiogram.event:Update id=358168097 is handled. Duration 113 ms by bot id=8106078475
INFO:aiogram.event:Update id=358168098 is handled. Duration 103 ms by bot id=8106078475
INFO:aiogram.event:Update id=358168099 is handled. Duration 129 ms by bot id=8106078475
INFO:aiogram.event:Update id=358168100 is handled. Duration 108 ms by bot id=8106078475
INFO:aiogram.event:Update id=358168101 is handled. Duration 159 ms by bot id=8106078475
INFO:aiogram.event:Update id=358168102 is handled. Duration 244 ms by bot id=8106078475
INFO:aiogram.event:Update id=358168103 is handled. Duration 333 ms by bot id=8106078475
INFO:aiogram.event:Update id=358168104 is handled. Duration 650 ms by bot id=8106078475
INFO:aiogram.event:Update id=358168105 is handled. Duration 118 ms by bot id=8106078475
INFO:aiogram.event:Update id=358168106 is handled. Duration 141 ms by bot id=8106078475
INFO:aiogram.event:Update id=358168107 is handled. Duration 185 ms by bot id=8106078475
INFO:aiogram.event:Update id=358168108 is handled. Duration 234 ms by bot id=8106078475
INFO:aiogram.event:Update id=358168109 is handled. Duration 129 ms by bot id=8106078475
INFO:aiogram.event:Update id=358168110 is handled. Duration 150 ms by bot id=8106078475
INFO:aiogram.event:Update id=358168111 is handled. Duration 112 ms by bot id=8106078475
INFO:aiogram.event:Update id=358168112 is handled. Duration 128 ms by bot id=8106078475
INFO:aiogram.event:Update id=358168113 is handled. Duration 162 ms by bot id=8106078475
INFO:aiogram.event:Update id=358168114 is handled. Duration 250 ms by bot id=8106078475
INFO:aiogram.event:Update id=358168115 is handled. Duration 287 ms by bot id=8106078475
INFO:aiogram.event:Update id=358168116 is handled. Duration 509 ms by bot id=8106078475
ERROR:aiogram.dispatcher:Failed to fetch updates - TelegramNetworkError: HTTP Client says - Request timeout error
WARNING:aiogram.dispatcher:Sleep for 1.000000 seconds and try again... (tryings = 0, bot id = 8106078475)
INFO:aiogram.dispatcher:Connection established (tryings = 1, bot id = 8106078475)
ERROR:aiogram.dispatcher:Failed to fetch updates - TelegramNetworkError: HTTP Client says - Request timeout error
WARNING:aiogram.dispatcher:Sleep for 1.000000 seconds and try again... (tryings = 0, bot id = 8106078475)
INFO:aiogram.dispatcher:Connection established (tryings = 1, bot id = 8106078475)
